[2021-09-25 00:00:56] [DEBUG] [OdontologoService:22] Iniciando el metodo crear()
[2021-09-25 00:00:56] [DEBUG] [OdontologoService:29] Terminando el metodo crear()
[2021-09-25 00:01:01] [DEBUG] [OdontologoService:22] Iniciando el metodo crear()
[2021-09-25 00:01:01] [DEBUG] [OdontologoService:29] Terminando el metodo crear()
[2021-09-25 00:01:08] [DEBUG] [OdontologoService:22] Iniciando el metodo crear()
[2021-09-25 00:01:08] [DEBUG] [OdontologoService:29] Terminando el metodo crear()
[2021-09-25 00:03:01] [DEBUG] [OdontologoService:22] Iniciando el metodo crear()
[2021-09-25 00:03:01] [DEBUG] [OdontologoService:29] Terminando el metodo crear()
[2021-09-25 00:03:02] [DEBUG] [OdontologoService:22] Iniciando el metodo crear()
[2021-09-25 00:03:02] [DEBUG] [OdontologoService:29] Terminando el metodo crear()
[2021-09-25 00:03:05] [DEBUG] [OdontologoService:22] Iniciando el metodo crear()
[2021-09-25 00:03:05] [DEBUG] [OdontologoService:29] Terminando el metodo crear()
[2021-09-25 00:03:06] [DEBUG] [OdontologoService:22] Iniciando el metodo crear()
[2021-09-25 00:03:06] [DEBUG] [OdontologoService:29] Terminando el metodo crear()
[2021-09-25 00:03:17] [DEBUG] [OdontologoService:57] Termino el metodo buscarTodos()
[2021-09-25 00:05:22] [DEBUG] [OdontologoService:22] Iniciando el metodo crear()
[2021-09-25 00:05:22] [DEBUG] [OdontologoService:29] Terminando el metodo crear()
[2021-09-25 00:05:29] [DEBUG] [OdontologoService:22] Iniciando el metodo crear()
[2021-09-25 00:05:29] [DEBUG] [OdontologoService:29] Terminando el metodo crear()
[2021-09-25 00:05:50] [DEBUG] [OdontologoService:57] Termino el metodo buscarTodos()
[2021-09-25 15:50:33] [DEBUG] [OdontologoService:28] Iniciando el metodo crear()
[2021-09-25 15:50:33] [DEBUG] [OdontologoService:35] Terminando el metodo crear()
[2021-09-25 15:50:58] [DEBUG] [OdontologoService:80] Termino el metodo buscarTodos()
[2021-09-25 15:52:11] [DEBUG] [OdontologoService:80] Termino el metodo buscarTodos()
[2021-09-25 15:52:36] [DEBUG] [OdontologoService:28] Iniciando el metodo crear()
[2021-09-25 15:52:36] [DEBUG] [OdontologoService:35] Terminando el metodo crear()
[2021-09-25 15:52:39] [DEBUG] [OdontologoService:28] Iniciando el metodo crear()
[2021-09-25 15:52:39] [DEBUG] [OdontologoService:35] Terminando el metodo crear()
[2021-09-25 15:52:40] [DEBUG] [OdontologoService:28] Iniciando el metodo crear()
[2021-09-25 15:52:40] [DEBUG] [OdontologoService:35] Terminando el metodo crear()
[2021-09-25 15:52:40] [DEBUG] [OdontologoService:28] Iniciando el metodo crear()
[2021-09-25 15:52:40] [DEBUG] [OdontologoService:35] Terminando el metodo crear()
[2021-09-25 15:52:47] [DEBUG] [OdontologoService:80] Termino el metodo buscarTodos()
[2021-09-25 15:59:46] [DEBUG] [OdontologoService:28] Iniciando el metodo crear()
[2021-09-25 15:59:46] [DEBUG] [OdontologoService:35] Terminando el metodo crear()
[2021-09-25 15:59:53] [DEBUG] [OdontologoService:28] Iniciando el metodo crear()
[2021-09-25 15:59:53] [DEBUG] [OdontologoService:35] Terminando el metodo crear()
[2021-09-25 15:59:59] [DEBUG] [OdontologoService:28] Iniciando el metodo crear()
[2021-09-25 15:59:59] [DEBUG] [OdontologoService:35] Terminando el metodo crear()
[2021-09-25 16:00:09] [DEBUG] [OdontologoService:80] Termino el metodo buscarTodos()
[2021-09-25 16:02:26] [DEBUG] [OdontologoService:40] Iniciando el metodo buscar()
[2021-09-25 16:02:26] [DEBUG] [OdontologoService:52] Termino el metodo buscar()
[2021-09-25 16:05:49] [DEBUG] [OdontologoService:80] Termino el metodo buscarTodos()
[2021-09-25 16:07:52] [DEBUG] [OdontologoService:28] Iniciando el metodo crear()
[2021-09-25 16:07:52] [DEBUG] [OdontologoService:35] Terminando el metodo crear()
[2021-09-25 16:07:57] [DEBUG] [OdontologoService:28] Iniciando el metodo crear()
[2021-09-25 16:07:57] [DEBUG] [OdontologoService:35] Terminando el metodo crear()
[2021-09-25 16:08:01] [DEBUG] [OdontologoService:28] Iniciando el metodo crear()
[2021-09-25 16:08:01] [DEBUG] [OdontologoService:35] Terminando el metodo crear()
[2021-09-25 16:08:11] [DEBUG] [OdontologoService:80] Termino el metodo buscarTodos()
[2021-09-25 16:08:44] [DEBUG] [OdontologoService:80] Termino el metodo buscarTodos()
[2021-09-25 16:09:13] [DEBUG] [OdontologoService:40] Iniciando el metodo buscar()
[2021-09-25 16:09:13] [ERROR] [OdontologoService:50] The given id must not be null!; nested exception is java.lang.IllegalArgumentException: The given id must not be null!
[2021-09-25 16:09:13] [DEBUG] [OdontologoService:52] Termino el metodo buscar()
[2021-09-25 16:09:21] [DEBUG] [OdontologoService:80] Termino el metodo buscarTodos()
[2021-09-25 16:09:34] [DEBUG] [OdontologoService:40] Iniciando el metodo buscar()
[2021-09-25 16:09:34] [ERROR] [OdontologoService:50] The given id must not be null!; nested exception is java.lang.IllegalArgumentException: The given id must not be null!
[2021-09-25 16:09:34] [DEBUG] [OdontologoService:52] Termino el metodo buscar()
[2021-09-25 16:10:50] [DEBUG] [OdontologoService:28] Iniciando el metodo crear()
[2021-09-25 16:10:50] [DEBUG] [OdontologoService:35] Terminando el metodo crear()
[2021-09-25 16:10:54] [DEBUG] [OdontologoService:28] Iniciando el metodo crear()
[2021-09-25 16:10:54] [DEBUG] [OdontologoService:35] Terminando el metodo crear()
[2021-09-25 16:10:59] [DEBUG] [OdontologoService:28] Iniciando el metodo crear()
[2021-09-25 16:10:59] [DEBUG] [OdontologoService:35] Terminando el metodo crear()
[2021-09-25 16:11:06] [DEBUG] [OdontologoService:28] Iniciando el metodo crear()
[2021-09-25 16:11:06] [DEBUG] [OdontologoService:35] Terminando el metodo crear()
[2021-09-25 16:11:11] [DEBUG] [OdontologoService:28] Iniciando el metodo crear()
[2021-09-25 16:11:11] [DEBUG] [OdontologoService:35] Terminando el metodo crear()
[2021-09-25 16:11:20] [DEBUG] [OdontologoService:80] Termino el metodo buscarTodos()
[2021-09-25 16:11:35] [DEBUG] [OdontologoService:28] Iniciando el metodo crear()
[2021-09-25 16:11:35] [DEBUG] [OdontologoService:35] Terminando el metodo crear()
[2021-09-25 16:11:47] [DEBUG] [OdontologoService:80] Termino el metodo buscarTodos()
[2021-09-25 16:12:07] [DEBUG] [OdontologoService:28] Iniciando el metodo crear()
[2021-09-25 16:12:07] [DEBUG] [OdontologoService:35] Terminando el metodo crear()
[2021-09-25 16:12:15] [DEBUG] [OdontologoService:80] Termino el metodo buscarTodos()
[2021-09-25 16:12:21] [DEBUG] [OdontologoService:40] Iniciando el metodo buscar()
[2021-09-25 16:12:21] [DEBUG] [OdontologoService:52] Termino el metodo buscar()
[2021-09-25 16:12:28] [ERROR] [OdontologoService:89] The given id must not be null!; nested exception is java.lang.IllegalArgumentException: The given id must not be null!
[2021-09-25 16:13:01] [DEBUG] [OdontologoService:80] Termino el metodo buscarTodos()
[2021-09-25 16:13:24] [ERROR] [OdontologoService:89] The given id must not be null!; nested exception is java.lang.IllegalArgumentException: The given id must not be null!
[2021-09-25 16:14:49] [DEBUG] [OdontologoService:28] Iniciando el metodo crear()
[2021-09-25 16:14:49] [DEBUG] [OdontologoService:35] Terminando el metodo crear()
[2021-09-25 16:14:54] [DEBUG] [OdontologoService:28] Iniciando el metodo crear()
[2021-09-25 16:14:54] [DEBUG] [OdontologoService:35] Terminando el metodo crear()
[2021-09-25 16:14:57] [DEBUG] [OdontologoService:28] Iniciando el metodo crear()
[2021-09-25 16:14:57] [DEBUG] [OdontologoService:35] Terminando el metodo crear()
[2021-09-25 16:15:02] [DEBUG] [OdontologoService:28] Iniciando el metodo crear()
[2021-09-25 16:15:02] [DEBUG] [OdontologoService:35] Terminando el metodo crear()
[2021-09-25 16:15:25] [DEBUG] [OdontologoService:80] Termino el metodo buscarTodos()
[2021-09-25 16:28:11] [DEBUG] [OdontologoService:27] Iniciando el metodo crear()
[2021-09-25 16:28:11] [DEBUG] [OdontologoService:34] Terminando el metodo crear()
[2021-09-25 16:28:18] [DEBUG] [OdontologoService:27] Iniciando el metodo crear()
[2021-09-25 16:28:18] [DEBUG] [OdontologoService:34] Terminando el metodo crear()
[2021-09-25 16:28:31] [DEBUG] [OdontologoService:79] Termino el metodo buscarTodos()
